<?xml version="1.0" encoding="UTF-8"?>
<!-- Generated by org.testng.reporters.JUnitXMLReporter -->
<testsuite hostname="01-011903" name="WOOCOMMERCE STORE" tests="18" failures="0" timestamp="14 Feb 2019 06:59:17 GMT" time="153.294" errors="0">
  <testcase name="@BeforeClass setup" time="0.0" classname="com.ids.store.pom.Tests.HomeTests">
    <failure type="org.openqa.selenium.WebDriverException" message="unknown error: cannot determine loading status
from unknown error: cannot determine loading status
from disconnected: received Inspector.detached event
  (Session info: chrome=72.0.3626.109)
  (Driver info: chromedriver=2.45.615291 (ec3682e3c9061c10f26ea9e5cdcf3c53f3f74387),platform=Windows NT 10.0.17134 x86_64) (WARNING: The server did not provide any stacktrace information)
Command duration or timeout: 130.94 seconds
Build info: version: &amp;apos;2.52.0&amp;apos;, revision: &amp;apos;4c2593c&amp;apos;, time: &amp;apos;2016-02-11 19:06:42&amp;apos;
System info: host: &amp;apos;01-011903&amp;apos;, ip: &amp;apos;192.168.76.152&amp;apos;, os.name: &amp;apos;Windows 10&amp;apos;, os.arch: &amp;apos;amd64&amp;apos;, os.version: &amp;apos;10.0&amp;apos;, java.version: &amp;apos;1.8.0_191&amp;apos;
Driver info: org.openqa.selenium.chrome.ChromeDriver
Capabilities [{mobileEmulationEnabled=false, timeouts={implicit=0, pageLoad=300000, script=30000}, hasTouchScreen=false, platform=XP, acceptSslCerts=false, goog:chromeOptions={debuggerAddress=localhost:58610}, acceptInsecureCerts=false, webStorageEnabled=true, browserName=chrome, takesScreenshot=true, javascriptEnabled=true, setWindowRect=true, unexpectedAlertBehaviour=ignore, applicationCacheEnabled=false, rotatable=false, networkConnectionEnabled=false, chrome={chromedriverVersion=2.45.615291 (ec3682e3c9061c10f26ea9e5cdcf3c53f3f74387), userDataDir=C:\Users\vikas.m\AppData\Local\Temp\scoped_dir9224_4149}, takesHeapSnapshot=true, pageLoadStrategy=normal, strictFileInteractability=false, databaseEnabled=false, handlesAlerts=true, version=72.0.3626.109, browserConnectionEnabled=false, proxy={}, nativeEvents=true, locationContextEnabled=true, cssSelectorsEnabled=true}]
Session ID: 4a9c3b2ba81c867c7e2929bcf5ead17e">
      <![CDATA[org.openqa.selenium.WebDriverException: unknown error: cannot determine loading status
from unknown error: cannot determine loading status
from disconnected: received Inspector.detached event
  (Session info: chrome=72.0.3626.109)
  (Driver info: chromedriver=2.45.615291 (ec3682e3c9061c10f26ea9e5cdcf3c53f3f74387),platform=Windows NT 10.0.17134 x86_64) (WARNING: The server did not provide any stacktrace information)
Command duration or timeout: 130.94 seconds
Build info: version: '2.52.0', revision: '4c2593c', time: '2016-02-11 19:06:42'
System info: host: '01-011903', ip: '192.168.76.152', os.name: 'Windows 10', os.arch: 'amd64', os.version: '10.0', java.version: '1.8.0_191'
Driver info: org.openqa.selenium.chrome.ChromeDriver
Capabilities [{mobileEmulationEnabled=false, timeouts={implicit=0, pageLoad=300000, script=30000}, hasTouchScreen=false, platform=XP, acceptSslCerts=false, goog:chromeOptions={debuggerAddress=localhost:58610}, acceptInsecureCerts=false, webStorageEnabled=true, browserName=chrome, takesScreenshot=true, javascriptEnabled=true, setWindowRect=true, unexpectedAlertBehaviour=ignore, applicationCacheEnabled=false, rotatable=false, networkConnectionEnabled=false, chrome={chromedriverVersion=2.45.615291 (ec3682e3c9061c10f26ea9e5cdcf3c53f3f74387), userDataDir=C:\Users\vikas.m\AppData\Local\Temp\scoped_dir9224_4149}, takesHeapSnapshot=true, pageLoadStrategy=normal, strictFileInteractability=false, databaseEnabled=false, handlesAlerts=true, version=72.0.3626.109, browserConnectionEnabled=false, proxy={}, nativeEvents=true, locationContextEnabled=true, cssSelectorsEnabled=true}]
Session ID: 4a9c3b2ba81c867c7e2929bcf5ead17e
	at org.openqa.selenium.remote.ErrorHandler.createThrowable(ErrorHandler.java:206)
	at org.openqa.selenium.remote.ErrorHandler.throwIfResponseFailed(ErrorHandler.java:158)
	at org.openqa.selenium.remote.RemoteWebDriver.execute(RemoteWebDriver.java:678)
	at org.openqa.selenium.remote.RemoteWebDriver.get(RemoteWebDriver.java:316)
	at org.openqa.selenium.remote.RemoteWebDriver$RemoteNavigation.to(RemoteWebDriver.java:969)
	at com.ids.store.pom.Tests.HomeTests.setup(HomeTests.java:34)
... Removed 28 stack frames]]>
    </failure>
  </testcase> <!-- @BeforeClass setup -->
  <testcase name="@AfterClass tearDown" time="0.0" classname="com.ids.store.pom.Tests.HomeTests">
    <skipped/>
  </testcase> <!-- @AfterClass tearDown -->
  <testcase name="To_verify_default_values_for_register" time="0.002" classname="com.ids.store.pom.Tests.HomeTests">
    <skipped/>
  </testcase> <!-- To_verify_default_values_for_register -->
  <testcase name="To_verify_default_values_for_enterregisteremail" time="0.001" classname="com.ids.store.pom.Tests.HomeTests">
    <skipped/>
  </testcase> <!-- To_verify_default_values_for_enterregisteremail -->
  <testcase name="To_verify_default_values_for_logout" time="0.001" classname="com.ids.store.pom.Tests.HomeTests">
    <skipped/>
  </testcase> <!-- To_verify_default_values_for_logout -->
  <testcase name="To_verify_default_values_forenter_invalid_loginCredentials" time="0.002" classname="com.ids.store.pom.Tests.HomeTests">
    <skipped/>
  </testcase> <!-- To_verify_default_values_forenter_invalid_loginCredentials -->
  <testcase name="To_verify_default_values_forloginpage" time="0.001" classname="com.ids.store.pom.Tests.HomeTests">
    <skipped/>
  </testcase> <!-- To_verify_default_values_forloginpage -->
  <testcase name="To_verify_default_values_for_Search_Box" time="0.001" classname="com.ids.store.pom.Tests.HomeTests">
    <skipped/>
  </testcase> <!-- To_verify_default_values_for_Search_Box -->
  <testcase name="To_verify_default_values_for_Myaccount" time="0.001" classname="com.ids.store.pom.Tests.HomeTests">
    <skipped/>
  </testcase> <!-- To_verify_default_values_for_Myaccount -->
  <testcase name="To_verify_default_values_navigatetoeditdetails" time="0.0" classname="com.ids.store.pom.Tests.HomeTests">
    <skipped/>
  </testcase> <!-- To_verify_default_values_navigatetoeditdetails -->
  <testcase name="To_verify_default_values_forMyaccountprofile" time="0.001" classname="com.ids.store.pom.Tests.HomeTests">
    <skipped/>
  </testcase> <!-- To_verify_default_values_forMyaccountprofile -->
  <testcase name="To_verify_navigatetoeditbillingaddress" time="0.001" classname="com.ids.store.pom.Tests.HomeTests">
    <skipped/>
  </testcase> <!-- To_verify_navigatetoeditbillingaddress -->
  <testcase name="To_verify_navigatetoshippingaddress" time="0.001" classname="com.ids.store.pom.Tests.HomeTests">
    <skipped/>
  </testcase> <!-- To_verify_navigatetoshippingaddress -->
  <testcase name="To_verify_navigatetocart" time="0.001" classname="com.ids.store.pom.Tests.HomeTests">
    <skipped/>
  </testcase> <!-- To_verify_navigatetocart -->
  <testcase name="To_verify_continue_shop" time="0.001" classname="com.ids.store.pom.Tests.HomeTests">
    <skipped/>
  </testcase> <!-- To_verify_continue_shop -->
  <testcase name="To_verify_navigatetocheckout" time="0.001" classname="com.ids.store.pom.Tests.HomeTests">
    <skipped/>
  </testcase> <!-- To_verify_navigatetocheckout -->
  <testcase name="To_verify_navigatetoaddcart" time="0.001" classname="com.ids.store.pom.Tests.HomeTests">
    <skipped/>
  </testcase> <!-- To_verify_navigatetoaddcart -->
  <testcase name="To_verify_navigatetocheckoutaddress" time="0.001" classname="com.ids.store.pom.Tests.HomeTests">
    <skipped/>
  </testcase> <!-- To_verify_navigatetocheckoutaddress -->
  <testcase name="To_verify_navigatetoorderplaced" time="0.001" classname="com.ids.store.pom.Tests.HomeTests">
    <skipped/>
  </testcase> <!-- To_verify_navigatetoorderplaced -->
  <testcase name="To_verify_navigatetohomeagain" time="0.002" classname="com.ids.store.pom.Tests.HomeTests">
    <skipped/>
  </testcase> <!-- To_verify_navigatetohomeagain -->
</testsuite> <!-- WOOCOMMERCE STORE -->
