<?xml version="1.0" encoding="UTF-8"?>
<!-- Generated by org.testng.reporters.JUnitXMLReporter -->
<testsuite hostname="01-011903" name="wOWCOMMERCE STORE" tests="13" failures="1" timestamp="10 Jan 2019 11:28:03 GMT" time="131.664" errors="0">
  <testcase name="To_verify_default_values_for_register" time="4.396" classname="com.ids.store.pom.Tests.HomeTests"/>
  <testcase name="To_verify_default_values_for_enterregisteremail" time="13.528" classname="com.ids.store.pom.Tests.HomeTests"/>
  <testcase name="To_verify_default_values_for_logout" time="6.244" classname="com.ids.store.pom.Tests.HomeTests"/>
  <testcase name="To_verify_default_values_forloginpage" time="8.852" classname="com.ids.store.pom.Tests.HomeTests"/>
  <testcase name="To_verify_default_values_forMyaccountprofile" time="5.066" classname="com.ids.store.pom.Tests.HomeTests"/>
  <testcase name="To_verify_navigatetoeditbillingaddress" time="10.221" classname="com.ids.store.pom.Tests.HomeTests"/>
  <testcase name="To_verify_navigatetoshippingaddress" time="7.775" classname="com.ids.store.pom.Tests.HomeTests"/>
  <testcase name="To_verify_navigatetocart" time="4.506" classname="com.ids.store.pom.Tests.HomeTests"/>
  <testcase name="To_verify_continue_shop" time="4.754" classname="com.ids.store.pom.Tests.HomeTests"/>
  <testcase name="To_verify_navigatetocheckout" time="6.463" classname="com.ids.store.pom.Tests.HomeTests"/>
  <testcase name="To_verify_navigatetoaddcart" time="14.325" classname="com.ids.store.pom.Tests.HomeTests"/>
  <testcase name="To_verify_navigatetocheckoutaddress" time="1.3" classname="com.ids.store.pom.Tests.HomeTests"/>
  <testcase name="To_verify_navigatetoorderplaced" time="18.155" classname="com.ids.store.pom.Tests.HomeTests">
    <failure type="java.lang.IllegalArgumentException" message="Ordersummaary element does not exists">
      <![CDATA[java.lang.IllegalArgumentException: Ordersummaary element does not exists
	at com.ids.store.pom.pages.Checkout.Ordersummaary(Checkout.java:72)
	at com.ids.store.pom.pages.Checkout.navigateToplaceorder(Checkout.java:29)
	at com.ids.store.pom.Tests.HomeTests.To_verify_navigatetoorderplaced(HomeTests.java:143)
... Removed 24 stack frames]]>
    </failure>
  </testcase> <!-- To_verify_navigatetoorderplaced -->
</testsuite> <!-- wOWCOMMERCE STORE -->
